<?xml version="1.0" encoding="utf-8"?><testsuites name="pytest tests"><testsuite name="pytest" errors="0" failures="2" skipped="1" tests="20" time="7.833" timestamp="2026-03-01T23:45:06.482193+00:00" hostname="agent-env-cfd972f0-d394-4839-9c0d-d83a372837a7"><testcase classname="backend.tests.test_api.TestHealth" name="test_health_check" time="0.305" /><testcase classname="backend.tests.test_api.TestCharacters" name="test_create_character" time="2.279" /><testcase classname="backend.tests.test_api.TestCharacters" name="test_list_characters" time="0.149" /><testcase classname="backend.tests.test_api.TestCharacters" name="test_get_character" time="0.432" /><testcase classname="backend.tests.test_api.TestCharacters" name="test_delete_character" time="0.398" /><testcase classname="backend.tests.test_api.TestStoryboards" name="test_create_storyboard" time="0.266" /><testcase classname="backend.tests.test_api.TestStoryboards" name="test_list_storyboards" time="0.121" /><testcase classname="backend.tests.test_api.TestStoryboards" name="test_get_storyboard" time="0.323" /><testcase classname="backend.tests.test_api.TestStoryboards" name="test_delete_storyboard" time="0.349" /><testcase classname="backend.tests.test_api.TestKieIntegration" name="test_upload_image_to_kie" time="0.365"><failure message="assert 500 == 200&#10; +  where 500 = &lt;Response [500]&gt;.status_code">backend/tests/test_api.py:233: in test_upload_image_to_kie
    assert response.status_code == 200
E   assert 500 == 200
E    +  where 500 = &lt;Response [500]&gt;.status_code</failure></testcase><testcase classname="backend.tests.test_api.TestKieIntegration" name="test_image_to_video" time="0.343"><failure message="assert 500 == 200&#10; +  where 500 = &lt;Response [500]&gt;.status_code">backend/tests/test_api.py:252: in test_image_to_video
    assert response.status_code == 200
E   assert 500 == 200
E    +  where 500 = &lt;Response [500]&gt;.status_code</failure></testcase><testcase classname="backend.tests.test_api.TestKieIntegration" name="test_task_status" time="0.362"><skipped type="pytest.skip" message="Could not start video generation to test status">/app/backend/tests/test_api.py:272: Could not start video generation to test status</skipped></testcase><testcase classname="backend.tests.test_api.TestMediaUpload" name="test_upload_media" time="0.154" /><testcase classname="backend.tests.test_api.TestMediaUpload" name="test_list_media" time="0.172" /><testcase classname="backend.tests.test_api.TestSettings" name="test_get_settings_returns_defaults" time="0.112" /><testcase classname="backend.tests.test_api.TestSettings" name="test_save_settings_with_kie_provider" time="0.249" /><testcase classname="backend.tests.test_api.TestSettings" name="test_save_settings_with_gemini_provider" time="0.303" /><testcase classname="backend.tests.test_api.TestKieTextAndImage" name="test_kie_generate_text_endpoint_exists" time="0.294" /><testcase classname="backend.tests.test_api.TestKieTextAndImage" name="test_kie_generate_image_endpoint_exists" time="0.321" /><testcase classname="backend.tests.test_api.TestKieTextAndImage" name="test_kie_image_status_endpoint_exists" time="0.370" /></testsuite></testsuites>