<?xml version="1.0" encoding="utf-8"?><testsuites name="pytest tests"><testsuite name="pytest" errors="0" failures="0" skipped="0" tests="14" time="8.663" timestamp="2026-03-01T20:20:25.837592+00:00" hostname="agent-env-b2e06a09-6740-42bd-8540-995ed15f6a85"><testcase classname="backend.tests.test_api.TestHealth" name="test_health_check" time="0.310" /><testcase classname="backend.tests.test_api.TestCharacters" name="test_create_character" time="0.316" /><testcase classname="backend.tests.test_api.TestCharacters" name="test_list_characters" time="0.133" /><testcase classname="backend.tests.test_api.TestCharacters" name="test_get_character" time="1.473" /><testcase classname="backend.tests.test_api.TestCharacters" name="test_delete_character" time="0.427" /><testcase classname="backend.tests.test_api.TestStoryboards" name="test_create_storyboard" time="0.335" /><testcase classname="backend.tests.test_api.TestStoryboards" name="test_list_storyboards" time="0.116" /><testcase classname="backend.tests.test_api.TestStoryboards" name="test_get_storyboard" time="0.337" /><testcase classname="backend.tests.test_api.TestStoryboards" name="test_delete_storyboard" time="0.460" /><testcase classname="backend.tests.test_api.TestKieIntegration" name="test_upload_image_to_kie" time="1.816" /><testcase classname="backend.tests.test_api.TestKieIntegration" name="test_image_to_video" time="1.148" /><testcase classname="backend.tests.test_api.TestKieIntegration" name="test_task_status" time="1.436" /><testcase classname="backend.tests.test_api.TestMediaUpload" name="test_upload_media" time="0.161" /><testcase classname="backend.tests.test_api.TestMediaUpload" name="test_list_media" time="0.111" /></testsuite></testsuites>